0 info it worked if it ends with ok
1 verbose cli [ '/usr/bin/nodejs', '/usr/bin/npm', 'install' ]
2 info using npm@1.3.10
3 info using node@v0.10.25
4 warn package.json summative-behance@1.0.0 No repository field.
5 verbose readDependencies using package.json deps
6 verbose install where, deps [ '/vagrant/www/summative-Behance',
6 verbose install   [ 'bootstrap',
6 verbose install     'express',
6 verbose install     'grunt',
6 verbose install     'grunt-cli',
6 verbose install     'grunt-contrib-concat',
6 verbose install     'grunt-contrib-connect',
6 verbose install     'grunt-contrib-jshint',
6 verbose install     'grunt-contrib-sass',
6 verbose install     'grunt-contrib-uglify',
6 verbose install     'grunt-contrib-watch',
6 verbose install     'grunt-html-validation',
6 verbose install     'jquery',
6 verbose install     'popper.js' ] ]
7 info preinstall summative-behance@1.0.0
8 verbose readDependencies using package.json deps
9 verbose cache add [ 'grunt@^1.0.4', null ]
10 verbose cache add name=undefined spec="grunt@^1.0.4" args=["grunt@^1.0.4",null]
11 verbose parsed url { protocol: null,
11 verbose parsed url   slashes: null,
11 verbose parsed url   auth: null,
11 verbose parsed url   host: null,
11 verbose parsed url   port: null,
11 verbose parsed url   hostname: null,
11 verbose parsed url   hash: null,
11 verbose parsed url   search: null,
11 verbose parsed url   query: null,
11 verbose parsed url   pathname: 'grunt@^1.0.4',
11 verbose parsed url   path: 'grunt@^1.0.4',
11 verbose parsed url   href: 'grunt@^1.0.4' }
12 verbose cache add name="grunt" spec="^1.0.4" args=["grunt","^1.0.4"]
13 verbose parsed url { protocol: null,
13 verbose parsed url   slashes: null,
13 verbose parsed url   auth: null,
13 verbose parsed url   host: null,
13 verbose parsed url   port: null,
13 verbose parsed url   hostname: null,
13 verbose parsed url   hash: null,
13 verbose parsed url   search: null,
13 verbose parsed url   query: null,
13 verbose parsed url   pathname: '^1.0.4',
13 verbose parsed url   path: '^1.0.4',
13 verbose parsed url   href: '^1.0.4' }
14 verbose addNamed [ 'grunt', '^1.0.4' ]
15 verbose addNamed [ null, '>=1.0.4-0 <2.0.0-0' ]
16 verbose cache add [ 'bootstrap@^4.3.1', null ]
17 verbose cache add name=undefined spec="bootstrap@^4.3.1" args=["bootstrap@^4.3.1",null]
18 verbose parsed url { protocol: null,
18 verbose parsed url   slashes: null,
18 verbose parsed url   auth: null,
18 verbose parsed url   host: null,
18 verbose parsed url   port: null,
18 verbose parsed url   hostname: null,
18 verbose parsed url   hash: null,
18 verbose parsed url   search: null,
18 verbose parsed url   query: null,
18 verbose parsed url   pathname: 'bootstrap@^4.3.1',
18 verbose parsed url   path: 'bootstrap@^4.3.1',
18 verbose parsed url   href: 'bootstrap@^4.3.1' }
19 verbose cache add name="bootstrap" spec="^4.3.1" args=["bootstrap","^4.3.1"]
20 verbose parsed url { protocol: null,
20 verbose parsed url   slashes: null,
20 verbose parsed url   auth: null,
20 verbose parsed url   host: null,
20 verbose parsed url   port: null,
20 verbose parsed url   hostname: null,
20 verbose parsed url   hash: null,
20 verbose parsed url   search: null,
20 verbose parsed url   query: null,
20 verbose parsed url   pathname: '^4.3.1',
20 verbose parsed url   path: '^4.3.1',
20 verbose parsed url   href: '^4.3.1' }
21 verbose addNamed [ 'bootstrap', '^4.3.1' ]
22 verbose addNamed [ null, '>=4.3.1-0 <5.0.0-0' ]
23 verbose cache add [ 'express@^4.16.4', null ]
24 verbose cache add name=undefined spec="express@^4.16.4" args=["express@^4.16.4",null]
25 verbose parsed url { protocol: null,
25 verbose parsed url   slashes: null,
25 verbose parsed url   auth: null,
25 verbose parsed url   host: null,
25 verbose parsed url   port: null,
25 verbose parsed url   hostname: null,
25 verbose parsed url   hash: null,
25 verbose parsed url   search: null,
25 verbose parsed url   query: null,
25 verbose parsed url   pathname: 'express@^4.16.4',
25 verbose parsed url   path: 'express@^4.16.4',
25 verbose parsed url   href: 'express@^4.16.4' }
26 verbose cache add name="express" spec="^4.16.4" args=["express","^4.16.4"]
27 verbose parsed url { protocol: null,
27 verbose parsed url   slashes: null,
27 verbose parsed url   auth: null,
27 verbose parsed url   host: null,
27 verbose parsed url   port: null,
27 verbose parsed url   hostname: null,
27 verbose parsed url   hash: null,
27 verbose parsed url   search: null,
27 verbose parsed url   query: null,
27 verbose parsed url   pathname: '^4.16.4',
27 verbose parsed url   path: '^4.16.4',
27 verbose parsed url   href: '^4.16.4' }
28 verbose addNamed [ 'express', '^4.16.4' ]
29 verbose addNamed [ null, '>=4.16.4-0 <5.0.0-0' ]
30 silly lockFile d907b687-grunt-1-0-4 grunt@^1.0.4
31 verbose lock grunt@^1.0.4 /home/vagrant/.npm/d907b687-grunt-1-0-4.lock
32 silly lockFile 47dc9c11-bootstrap-4-3-1 bootstrap@^4.3.1
33 verbose lock bootstrap@^4.3.1 /home/vagrant/.npm/47dc9c11-bootstrap-4-3-1.lock
34 silly lockFile 9255a95c-express-4-16-4 express@^4.16.4
35 verbose lock express@^4.16.4 /home/vagrant/.npm/9255a95c-express-4-16-4.lock
36 verbose cache add [ 'grunt-cli@^1.2.0', null ]
37 verbose cache add name=undefined spec="grunt-cli@^1.2.0" args=["grunt-cli@^1.2.0",null]
38 verbose parsed url { protocol: null,
38 verbose parsed url   slashes: null,
38 verbose parsed url   auth: null,
38 verbose parsed url   host: null,
38 verbose parsed url   port: null,
38 verbose parsed url   hostname: null,
38 verbose parsed url   hash: null,
38 verbose parsed url   search: null,
38 verbose parsed url   query: null,
38 verbose parsed url   pathname: 'grunt-cli@^1.2.0',
38 verbose parsed url   path: 'grunt-cli@^1.2.0',
38 verbose parsed url   href: 'grunt-cli@^1.2.0' }
39 verbose cache add name="grunt-cli" spec="^1.2.0" args=["grunt-cli","^1.2.0"]
40 verbose parsed url { protocol: null,
40 verbose parsed url   slashes: null,
40 verbose parsed url   auth: null,
40 verbose parsed url   host: null,
40 verbose parsed url   port: null,
40 verbose parsed url   hostname: null,
40 verbose parsed url   hash: null,
40 verbose parsed url   search: null,
40 verbose parsed url   query: null,
40 verbose parsed url   pathname: '^1.2.0',
40 verbose parsed url   path: '^1.2.0',
40 verbose parsed url   href: '^1.2.0' }
41 verbose addNamed [ 'grunt-cli', '^1.2.0' ]
42 verbose addNamed [ null, '>=1.2.0-0 <2.0.0-0' ]
43 silly lockFile f6c6f1c8-grunt-cli-1-2-0 grunt-cli@^1.2.0
44 verbose lock grunt-cli@^1.2.0 /home/vagrant/.npm/f6c6f1c8-grunt-cli-1-2-0.lock
45 verbose cache add [ 'grunt-contrib-concat@^1.0.1', null ]
46 verbose cache add name=undefined spec="grunt-contrib-concat@^1.0.1" args=["grunt-contrib-concat@^1.0.1",null]
47 verbose parsed url { protocol: null,
47 verbose parsed url   slashes: null,
47 verbose parsed url   auth: null,
47 verbose parsed url   host: null,
47 verbose parsed url   port: null,
47 verbose parsed url   hostname: null,
47 verbose parsed url   hash: null,
47 verbose parsed url   search: null,
47 verbose parsed url   query: null,
47 verbose parsed url   pathname: 'grunt-contrib-concat@^1.0.1',
47 verbose parsed url   path: 'grunt-contrib-concat@^1.0.1',
47 verbose parsed url   href: 'grunt-contrib-concat@^1.0.1' }
48 verbose cache add name="grunt-contrib-concat" spec="^1.0.1" args=["grunt-contrib-concat","^1.0.1"]
49 verbose parsed url { protocol: null,
49 verbose parsed url   slashes: null,
49 verbose parsed url   auth: null,
49 verbose parsed url   host: null,
49 verbose parsed url   port: null,
49 verbose parsed url   hostname: null,
49 verbose parsed url   hash: null,
49 verbose parsed url   search: null,
49 verbose parsed url   query: null,
49 verbose parsed url   pathname: '^1.0.1',
49 verbose parsed url   path: '^1.0.1',
49 verbose parsed url   href: '^1.0.1' }
50 verbose addNamed [ 'grunt-contrib-concat', '^1.0.1' ]
51 verbose addNamed [ null, '>=1.0.1-0 <2.0.0-0' ]
52 silly lockFile 5846474e-grunt-contrib-concat-1-0-1 grunt-contrib-concat@^1.0.1
53 verbose lock grunt-contrib-concat@^1.0.1 /home/vagrant/.npm/5846474e-grunt-contrib-concat-1-0-1.lock
54 verbose cache add [ 'grunt-contrib-connect@^2.0.0', null ]
55 verbose cache add name=undefined spec="grunt-contrib-connect@^2.0.0" args=["grunt-contrib-connect@^2.0.0",null]
56 verbose parsed url { protocol: null,
56 verbose parsed url   slashes: null,
56 verbose parsed url   auth: null,
56 verbose parsed url   host: null,
56 verbose parsed url   port: null,
56 verbose parsed url   hostname: null,
56 verbose parsed url   hash: null,
56 verbose parsed url   search: null,
56 verbose parsed url   query: null,
56 verbose parsed url   pathname: 'grunt-contrib-connect@^2.0.0',
56 verbose parsed url   path: 'grunt-contrib-connect@^2.0.0',
56 verbose parsed url   href: 'grunt-contrib-connect@^2.0.0' }
57 verbose cache add name="grunt-contrib-connect" spec="^2.0.0" args=["grunt-contrib-connect","^2.0.0"]
58 verbose parsed url { protocol: null,
58 verbose parsed url   slashes: null,
58 verbose parsed url   auth: null,
58 verbose parsed url   host: null,
58 verbose parsed url   port: null,
58 verbose parsed url   hostname: null,
58 verbose parsed url   hash: null,
58 verbose parsed url   search: null,
58 verbose parsed url   query: null,
58 verbose parsed url   pathname: '^2.0.0',
58 verbose parsed url   path: '^2.0.0',
58 verbose parsed url   href: '^2.0.0' }
59 verbose addNamed [ 'grunt-contrib-connect', '^2.0.0' ]
60 verbose addNamed [ null, '>=2.0.0-0 <3.0.0-0' ]
61 silly lockFile e91f221d-grunt-contrib-connect-2-0-0 grunt-contrib-connect@^2.0.0
62 verbose lock grunt-contrib-connect@^2.0.0 /home/vagrant/.npm/e91f221d-grunt-contrib-connect-2-0-0.lock
63 verbose cache add [ 'grunt-contrib-jshint@^2.1.0', null ]
64 verbose cache add name=undefined spec="grunt-contrib-jshint@^2.1.0" args=["grunt-contrib-jshint@^2.1.0",null]
65 verbose parsed url { protocol: null,
65 verbose parsed url   slashes: null,
65 verbose parsed url   auth: null,
65 verbose parsed url   host: null,
65 verbose parsed url   port: null,
65 verbose parsed url   hostname: null,
65 verbose parsed url   hash: null,
65 verbose parsed url   search: null,
65 verbose parsed url   query: null,
65 verbose parsed url   pathname: 'grunt-contrib-jshint@^2.1.0',
65 verbose parsed url   path: 'grunt-contrib-jshint@^2.1.0',
65 verbose parsed url   href: 'grunt-contrib-jshint@^2.1.0' }
66 verbose cache add name="grunt-contrib-jshint" spec="^2.1.0" args=["grunt-contrib-jshint","^2.1.0"]
67 verbose parsed url { protocol: null,
67 verbose parsed url   slashes: null,
67 verbose parsed url   auth: null,
67 verbose parsed url   host: null,
67 verbose parsed url   port: null,
67 verbose parsed url   hostname: null,
67 verbose parsed url   hash: null,
67 verbose parsed url   search: null,
67 verbose parsed url   query: null,
67 verbose parsed url   pathname: '^2.1.0',
67 verbose parsed url   path: '^2.1.0',
67 verbose parsed url   href: '^2.1.0' }
68 verbose addNamed [ 'grunt-contrib-jshint', '^2.1.0' ]
69 verbose addNamed [ null, '>=2.1.0-0 <3.0.0-0' ]
70 silly lockFile 366b1005-grunt-contrib-jshint-2-1-0 grunt-contrib-jshint@^2.1.0
71 verbose lock grunt-contrib-jshint@^2.1.0 /home/vagrant/.npm/366b1005-grunt-contrib-jshint-2-1-0.lock
72 verbose cache add [ 'grunt-contrib-sass@^1.0.0', null ]
73 verbose cache add name=undefined spec="grunt-contrib-sass@^1.0.0" args=["grunt-contrib-sass@^1.0.0",null]
74 verbose parsed url { protocol: null,
74 verbose parsed url   slashes: null,
74 verbose parsed url   auth: null,
74 verbose parsed url   host: null,
74 verbose parsed url   port: null,
74 verbose parsed url   hostname: null,
74 verbose parsed url   hash: null,
74 verbose parsed url   search: null,
74 verbose parsed url   query: null,
74 verbose parsed url   pathname: 'grunt-contrib-sass@^1.0.0',
74 verbose parsed url   path: 'grunt-contrib-sass@^1.0.0',
74 verbose parsed url   href: 'grunt-contrib-sass@^1.0.0' }
75 verbose cache add name="grunt-contrib-sass" spec="^1.0.0" args=["grunt-contrib-sass","^1.0.0"]
76 verbose parsed url { protocol: null,
76 verbose parsed url   slashes: null,
76 verbose parsed url   auth: null,
76 verbose parsed url   host: null,
76 verbose parsed url   port: null,
76 verbose parsed url   hostname: null,
76 verbose parsed url   hash: null,
76 verbose parsed url   search: null,
76 verbose parsed url   query: null,
76 verbose parsed url   pathname: '^1.0.0',
76 verbose parsed url   path: '^1.0.0',
76 verbose parsed url   href: '^1.0.0' }
77 verbose addNamed [ 'grunt-contrib-sass', '^1.0.0' ]
78 verbose addNamed [ null, '>=1.0.0-0 <2.0.0-0' ]
79 silly lockFile ebbc840d-grunt-contrib-sass-1-0-0 grunt-contrib-sass@^1.0.0
80 verbose lock grunt-contrib-sass@^1.0.0 /home/vagrant/.npm/ebbc840d-grunt-contrib-sass-1-0-0.lock
81 verbose cache add [ 'grunt-contrib-uglify@^4.0.1', null ]
82 verbose cache add name=undefined spec="grunt-contrib-uglify@^4.0.1" args=["grunt-contrib-uglify@^4.0.1",null]
83 verbose parsed url { protocol: null,
83 verbose parsed url   slashes: null,
83 verbose parsed url   auth: null,
83 verbose parsed url   host: null,
83 verbose parsed url   port: null,
83 verbose parsed url   hostname: null,
83 verbose parsed url   hash: null,
83 verbose parsed url   search: null,
83 verbose parsed url   query: null,
83 verbose parsed url   pathname: 'grunt-contrib-uglify@^4.0.1',
83 verbose parsed url   path: 'grunt-contrib-uglify@^4.0.1',
83 verbose parsed url   href: 'grunt-contrib-uglify@^4.0.1' }
84 verbose cache add name="grunt-contrib-uglify" spec="^4.0.1" args=["grunt-contrib-uglify","^4.0.1"]
85 verbose parsed url { protocol: null,
85 verbose parsed url   slashes: null,
85 verbose parsed url   auth: null,
85 verbose parsed url   host: null,
85 verbose parsed url   port: null,
85 verbose parsed url   hostname: null,
85 verbose parsed url   hash: null,
85 verbose parsed url   search: null,
85 verbose parsed url   query: null,
85 verbose parsed url   pathname: '^4.0.1',
85 verbose parsed url   path: '^4.0.1',
85 verbose parsed url   href: '^4.0.1' }
86 verbose addNamed [ 'grunt-contrib-uglify', '^4.0.1' ]
87 verbose addNamed [ null, '>=4.0.1-0 <5.0.0-0' ]
88 silly lockFile 504c484b-grunt-contrib-uglify-4-0-1 grunt-contrib-uglify@^4.0.1
89 verbose lock grunt-contrib-uglify@^4.0.1 /home/vagrant/.npm/504c484b-grunt-contrib-uglify-4-0-1.lock
90 verbose cache add [ 'grunt-contrib-watch@^1.1.0', null ]
91 verbose cache add name=undefined spec="grunt-contrib-watch@^1.1.0" args=["grunt-contrib-watch@^1.1.0",null]
92 verbose parsed url { protocol: null,
92 verbose parsed url   slashes: null,
92 verbose parsed url   auth: null,
92 verbose parsed url   host: null,
92 verbose parsed url   port: null,
92 verbose parsed url   hostname: null,
92 verbose parsed url   hash: null,
92 verbose parsed url   search: null,
92 verbose parsed url   query: null,
92 verbose parsed url   pathname: 'grunt-contrib-watch@^1.1.0',
92 verbose parsed url   path: 'grunt-contrib-watch@^1.1.0',
92 verbose parsed url   href: 'grunt-contrib-watch@^1.1.0' }
93 verbose cache add name="grunt-contrib-watch" spec="^1.1.0" args=["grunt-contrib-watch","^1.1.0"]
94 verbose parsed url { protocol: null,
94 verbose parsed url   slashes: null,
94 verbose parsed url   auth: null,
94 verbose parsed url   host: null,
94 verbose parsed url   port: null,
94 verbose parsed url   hostname: null,
94 verbose parsed url   hash: null,
94 verbose parsed url   search: null,
94 verbose parsed url   query: null,
94 verbose parsed url   pathname: '^1.1.0',
94 verbose parsed url   path: '^1.1.0',
94 verbose parsed url   href: '^1.1.0' }
95 verbose addNamed [ 'grunt-contrib-watch', '^1.1.0' ]
96 verbose addNamed [ null, '>=1.1.0-0 <2.0.0-0' ]
97 silly lockFile d91d7185-grunt-contrib-watch-1-1-0 grunt-contrib-watch@^1.1.0
98 verbose lock grunt-contrib-watch@^1.1.0 /home/vagrant/.npm/d91d7185-grunt-contrib-watch-1-1-0.lock
99 verbose cache add [ 'grunt-html-validation@^0.1.18', null ]
100 verbose cache add name=undefined spec="grunt-html-validation@^0.1.18" args=["grunt-html-validation@^0.1.18",null]
101 verbose parsed url { protocol: null,
101 verbose parsed url   slashes: null,
101 verbose parsed url   auth: null,
101 verbose parsed url   host: null,
101 verbose parsed url   port: null,
101 verbose parsed url   hostname: null,
101 verbose parsed url   hash: null,
101 verbose parsed url   search: null,
101 verbose parsed url   query: null,
101 verbose parsed url   pathname: 'grunt-html-validation@^0.1.18',
101 verbose parsed url   path: 'grunt-html-validation@^0.1.18',
101 verbose parsed url   href: 'grunt-html-validation@^0.1.18' }
102 verbose cache add name="grunt-html-validation" spec="^0.1.18" args=["grunt-html-validation","^0.1.18"]
103 verbose parsed url { protocol: null,
103 verbose parsed url   slashes: null,
103 verbose parsed url   auth: null,
103 verbose parsed url   host: null,
103 verbose parsed url   port: null,
103 verbose parsed url   hostname: null,
103 verbose parsed url   hash: null,
103 verbose parsed url   search: null,
103 verbose parsed url   query: null,
103 verbose parsed url   pathname: '^0.1.18',
103 verbose parsed url   path: '^0.1.18',
103 verbose parsed url   href: '^0.1.18' }
104 verbose addNamed [ 'grunt-html-validation', '^0.1.18' ]
105 verbose addNamed [ null, '>=0.1.18-0 <0.2.0-0' ]
106 silly lockFile 8b3e1d30-grunt-html-validation-0-1-18 grunt-html-validation@^0.1.18
107 verbose lock grunt-html-validation@^0.1.18 /home/vagrant/.npm/8b3e1d30-grunt-html-validation-0-1-18.lock
108 silly addNameRange { name: 'grunt', range: '>=1.0.4-0 <2.0.0-0', hasData: false }
109 silly addNameRange { name: 'bootstrap',
109 silly addNameRange   range: '>=4.3.1-0 <5.0.0-0',
109 silly addNameRange   hasData: false }
110 silly addNameRange { name: 'express', range: '>=4.16.4-0 <5.0.0-0', hasData: false }
111 silly addNameRange { name: 'grunt-cli',
111 silly addNameRange   range: '>=1.2.0-0 <2.0.0-0',
111 silly addNameRange   hasData: false }
112 silly addNameRange { name: 'grunt-contrib-concat',
112 silly addNameRange   range: '>=1.0.1-0 <2.0.0-0',
112 silly addNameRange   hasData: false }
113 silly addNameRange { name: 'grunt-contrib-connect',
113 silly addNameRange   range: '>=2.0.0-0 <3.0.0-0',
113 silly addNameRange   hasData: false }
114 silly addNameRange { name: 'grunt-contrib-jshint',
114 silly addNameRange   range: '>=2.1.0-0 <3.0.0-0',
114 silly addNameRange   hasData: false }
115 silly addNameRange { name: 'grunt-contrib-sass',
115 silly addNameRange   range: '>=1.0.0-0 <2.0.0-0',
115 silly addNameRange   hasData: false }
116 verbose cache add [ 'jquery@^3.3.1', null ]
117 verbose cache add name=undefined spec="jquery@^3.3.1" args=["jquery@^3.3.1",null]
118 verbose parsed url { protocol: null,
118 verbose parsed url   slashes: null,
118 verbose parsed url   auth: null,
118 verbose parsed url   host: null,
118 verbose parsed url   port: null,
118 verbose parsed url   hostname: null,
118 verbose parsed url   hash: null,
118 verbose parsed url   search: null,
118 verbose parsed url   query: null,
118 verbose parsed url   pathname: 'jquery@^3.3.1',
118 verbose parsed url   path: 'jquery@^3.3.1',
118 verbose parsed url   href: 'jquery@^3.3.1' }
119 verbose cache add name="jquery" spec="^3.3.1" args=["jquery","^3.3.1"]
120 verbose parsed url { protocol: null,
120 verbose parsed url   slashes: null,
120 verbose parsed url   auth: null,
120 verbose parsed url   host: null,
120 verbose parsed url   port: null,
120 verbose parsed url   hostname: null,
120 verbose parsed url   hash: null,
120 verbose parsed url   search: null,
120 verbose parsed url   query: null,
120 verbose parsed url   pathname: '^3.3.1',
120 verbose parsed url   path: '^3.3.1',
120 verbose parsed url   href: '^3.3.1' }
121 verbose addNamed [ 'jquery', '^3.3.1' ]
122 verbose addNamed [ null, '>=3.3.1-0 <4.0.0-0' ]
123 silly lockFile d086f8e0-jquery-3-3-1 jquery@^3.3.1
124 verbose lock jquery@^3.3.1 /home/vagrant/.npm/d086f8e0-jquery-3-3-1.lock
125 verbose cache add [ 'popper.js@^1.15.0', null ]
126 verbose cache add name=undefined spec="popper.js@^1.15.0" args=["popper.js@^1.15.0",null]
127 verbose parsed url { protocol: null,
127 verbose parsed url   slashes: null,
127 verbose parsed url   auth: null,
127 verbose parsed url   host: null,
127 verbose parsed url   port: null,
127 verbose parsed url   hostname: null,
127 verbose parsed url   hash: null,
127 verbose parsed url   search: null,
127 verbose parsed url   query: null,
127 verbose parsed url   pathname: 'popper.js@^1.15.0',
127 verbose parsed url   path: 'popper.js@^1.15.0',
127 verbose parsed url   href: 'popper.js@^1.15.0' }
128 verbose cache add name="popper.js" spec="^1.15.0" args=["popper.js","^1.15.0"]
129 verbose parsed url { protocol: null,
129 verbose parsed url   slashes: null,
129 verbose parsed url   auth: null,
129 verbose parsed url   host: null,
129 verbose parsed url   port: null,
129 verbose parsed url   hostname: null,
129 verbose parsed url   hash: null,
129 verbose parsed url   search: null,
129 verbose parsed url   query: null,
129 verbose parsed url   pathname: '^1.15.0',
129 verbose parsed url   path: '^1.15.0',
129 verbose parsed url   href: '^1.15.0' }
130 verbose addNamed [ 'popper.js', '^1.15.0' ]
131 verbose addNamed [ null, '>=1.15.0-0 <2.0.0-0' ]
132 silly lockFile dc3f25cf-popper-js-1-15-0 popper.js@^1.15.0
133 verbose lock popper.js@^1.15.0 /home/vagrant/.npm/dc3f25cf-popper-js-1-15-0.lock
134 verbose url raw grunt
135 verbose url resolving [ 'https://registry.npmjs.org/', './grunt' ]
136 verbose url resolved https://registry.npmjs.org/grunt
137 info trying registry request attempt 1 at 12:59:06
138 http GET https://registry.npmjs.org/grunt
139 verbose url raw bootstrap
140 verbose url resolving [ 'https://registry.npmjs.org/', './bootstrap' ]
141 verbose url resolved https://registry.npmjs.org/bootstrap
142 info trying registry request attempt 1 at 12:59:06
143 http GET https://registry.npmjs.org/bootstrap
144 verbose url raw express
145 verbose url resolving [ 'https://registry.npmjs.org/', './express' ]
146 verbose url resolved https://registry.npmjs.org/express
147 info trying registry request attempt 1 at 12:59:06
148 http GET https://registry.npmjs.org/express
149 verbose url raw grunt-cli
150 verbose url resolving [ 'https://registry.npmjs.org/', './grunt-cli' ]
151 verbose url resolved https://registry.npmjs.org/grunt-cli
152 info trying registry request attempt 1 at 12:59:06
153 http GET https://registry.npmjs.org/grunt-cli
154 verbose url raw grunt-contrib-concat
155 verbose url resolving [ 'https://registry.npmjs.org/', './grunt-contrib-concat' ]
156 verbose url resolved https://registry.npmjs.org/grunt-contrib-concat
157 info trying registry request attempt 1 at 12:59:06
158 http GET https://registry.npmjs.org/grunt-contrib-concat
159 verbose url raw grunt-contrib-connect
160 verbose url resolving [ 'https://registry.npmjs.org/', './grunt-contrib-connect' ]
161 verbose url resolved https://registry.npmjs.org/grunt-contrib-connect
162 info trying registry request attempt 1 at 12:59:06
163 http GET https://registry.npmjs.org/grunt-contrib-connect
164 verbose url raw grunt-contrib-jshint
165 verbose url resolving [ 'https://registry.npmjs.org/', './grunt-contrib-jshint' ]
166 verbose url resolved https://registry.npmjs.org/grunt-contrib-jshint
167 info trying registry request attempt 1 at 12:59:06
168 http GET https://registry.npmjs.org/grunt-contrib-jshint
169 verbose url raw grunt-contrib-sass
170 verbose url resolving [ 'https://registry.npmjs.org/', './grunt-contrib-sass' ]
171 verbose url resolved https://registry.npmjs.org/grunt-contrib-sass
172 info trying registry request attempt 1 at 12:59:06
173 http GET https://registry.npmjs.org/grunt-contrib-sass
174 silly addNameRange { name: 'grunt-contrib-uglify',
174 silly addNameRange   range: '>=4.0.1-0 <5.0.0-0',
174 silly addNameRange   hasData: false }
175 silly addNameRange { name: 'grunt-contrib-watch',
175 silly addNameRange   range: '>=1.1.0-0 <2.0.0-0',
175 silly addNameRange   hasData: false }
176 silly addNameRange { name: 'grunt-html-validation',
176 silly addNameRange   range: '>=0.1.18-0 <0.2.0-0',
176 silly addNameRange   hasData: false }
177 verbose url raw grunt-contrib-uglify
178 verbose url resolving [ 'https://registry.npmjs.org/', './grunt-contrib-uglify' ]
179 verbose url resolved https://registry.npmjs.org/grunt-contrib-uglify
180 info trying registry request attempt 1 at 12:59:06
181 http GET https://registry.npmjs.org/grunt-contrib-uglify
182 verbose url raw grunt-contrib-watch
183 verbose url resolving [ 'https://registry.npmjs.org/', './grunt-contrib-watch' ]
184 verbose url resolved https://registry.npmjs.org/grunt-contrib-watch
185 info trying registry request attempt 1 at 12:59:06
186 http GET https://registry.npmjs.org/grunt-contrib-watch
187 verbose url raw grunt-html-validation
188 verbose url resolving [ 'https://registry.npmjs.org/', './grunt-html-validation' ]
189 verbose url resolved https://registry.npmjs.org/grunt-html-validation
190 info trying registry request attempt 1 at 12:59:06
191 http GET https://registry.npmjs.org/grunt-html-validation
192 silly addNameRange { name: 'jquery', range: '>=3.3.1-0 <4.0.0-0', hasData: false }
193 silly addNameRange { name: 'popper.js',
193 silly addNameRange   range: '>=1.15.0-0 <2.0.0-0',
193 silly addNameRange   hasData: false }
194 verbose url raw jquery
195 verbose url resolving [ 'https://registry.npmjs.org/', './jquery' ]
196 verbose url resolved https://registry.npmjs.org/jquery
197 info trying registry request attempt 1 at 12:59:06
198 http GET https://registry.npmjs.org/jquery
199 verbose url raw popper.js
200 verbose url resolving [ 'https://registry.npmjs.org/', './popper.js' ]
201 verbose url resolved https://registry.npmjs.org/popper.js
202 info trying registry request attempt 1 at 12:59:06
203 http GET https://registry.npmjs.org/popper.js
204 info retry will retry, error on last attempt: Error: CERT_UNTRUSTED
205 info retry will retry, error on last attempt: Error: CERT_UNTRUSTED
206 info retry will retry, error on last attempt: Error: CERT_UNTRUSTED
207 info retry will retry, error on last attempt: Error: CERT_UNTRUSTED
208 info retry will retry, error on last attempt: Error: CERT_UNTRUSTED
209 info retry will retry, error on last attempt: Error: CERT_UNTRUSTED
210 info retry will retry, error on last attempt: Error: CERT_UNTRUSTED
211 info retry will retry, error on last attempt: Error: CERT_UNTRUSTED
212 info retry will retry, error on last attempt: Error: CERT_UNTRUSTED
213 info retry will retry, error on last attempt: Error: CERT_UNTRUSTED
214 info retry will retry, error on last attempt: Error: CERT_UNTRUSTED
215 info retry will retry, error on last attempt: Error: CERT_UNTRUSTED
216 info retry will retry, error on last attempt: Error: CERT_UNTRUSTED
217 info trying registry request attempt 2 at 12:59:16
218 http GET https://registry.npmjs.org/grunt
219 info trying registry request attempt 2 at 12:59:16
220 http GET https://registry.npmjs.org/bootstrap
221 info trying registry request attempt 2 at 12:59:16
222 http GET https://registry.npmjs.org/grunt-cli
223 info trying registry request attempt 2 at 12:59:16
224 http GET https://registry.npmjs.org/grunt-contrib-concat
225 info trying registry request attempt 2 at 12:59:16
226 http GET https://registry.npmjs.org/express
227 info trying registry request attempt 2 at 12:59:16
228 http GET https://registry.npmjs.org/grunt-contrib-connect
229 info trying registry request attempt 2 at 12:59:16
230 http GET https://registry.npmjs.org/grunt-contrib-jshint
231 info trying registry request attempt 2 at 12:59:16
232 http GET https://registry.npmjs.org/grunt-contrib-sass
233 info trying registry request attempt 2 at 12:59:16
234 http GET https://registry.npmjs.org/grunt-contrib-uglify
235 info trying registry request attempt 2 at 12:59:16
236 http GET https://registry.npmjs.org/grunt-contrib-watch
237 info retry will retry, error on last attempt: Error: CERT_UNTRUSTED
238 info retry will retry, error on last attempt: Error: CERT_UNTRUSTED
239 info retry will retry, error on last attempt: Error: CERT_UNTRUSTED
240 info retry will retry, error on last attempt: Error: CERT_UNTRUSTED
241 info retry will retry, error on last attempt: Error: CERT_UNTRUSTED
242 info trying registry request attempt 2 at 12:59:16
243 http GET https://registry.npmjs.org/jquery
244 info trying registry request attempt 2 at 12:59:16
245 http GET https://registry.npmjs.org/grunt-html-validation
246 info retry will retry, error on last attempt: Error: CERT_UNTRUSTED
247 info retry will retry, error on last attempt: Error: CERT_UNTRUSTED
248 info retry will retry, error on last attempt: Error: CERT_UNTRUSTED
249 info trying registry request attempt 2 at 12:59:16
250 http GET https://registry.npmjs.org/popper.js
251 info retry will retry, error on last attempt: Error: CERT_UNTRUSTED
252 info retry will retry, error on last attempt: Error: CERT_UNTRUSTED
253 info retry will retry, error on last attempt: Error: CERT_UNTRUSTED
254 info retry will retry, error on last attempt: Error: CERT_UNTRUSTED
255 info retry will retry, error on last attempt: Error: CERT_UNTRUSTED
256 info trying registry request attempt 3 at 13:00:16
257 http GET https://registry.npmjs.org/bootstrap
258 info trying registry request attempt 3 at 13:00:16
259 http GET https://registry.npmjs.org/grunt-cli
260 info trying registry request attempt 3 at 13:00:16
261 http GET https://registry.npmjs.org/grunt
262 info trying registry request attempt 3 at 13:00:16
263 http GET https://registry.npmjs.org/grunt-contrib-concat
264 info trying registry request attempt 3 at 13:00:16
265 http GET https://registry.npmjs.org/express
266 info trying registry request attempt 3 at 13:00:16
267 http GET https://registry.npmjs.org/grunt-contrib-connect
268 info trying registry request attempt 3 at 13:00:16
269 http GET https://registry.npmjs.org/grunt-contrib-jshint
270 info trying registry request attempt 3 at 13:00:16
271 http GET https://registry.npmjs.org/grunt-contrib-sass
272 info trying registry request attempt 3 at 13:00:16
273 http GET https://registry.npmjs.org/grunt-contrib-watch
274 silly lockFile 47dc9c11-bootstrap-4-3-1 bootstrap@^4.3.1
275 silly lockFile 47dc9c11-bootstrap-4-3-1 bootstrap@^4.3.1
276 error Error: CERT_UNTRUSTED
276 error     at SecurePair.<anonymous> (tls.js:1370:32)
276 error     at SecurePair.EventEmitter.emit (events.js:92:17)
276 error     at SecurePair.maybeInitFinished (tls.js:982:10)
276 error     at CleartextStream.read [as _read] (tls.js:469:13)
276 error     at CleartextStream.Readable.read (_stream_readable.js:320:10)
276 error     at EncryptedStream.write [as _write] (tls.js:366:25)
276 error     at doWrite (_stream_writable.js:223:10)
276 error     at writeOrBuffer (_stream_writable.js:213:5)
276 error     at EncryptedStream.Writable.write (_stream_writable.js:180:11)
276 error     at write (_stream_readable.js:583:24)
276 error     at flow (_stream_readable.js:592:7)
276 error     at Socket.pipeOnReadable (_stream_readable.js:624:5)
277 error If you need help, you may report this log at:
277 error     <http://github.com/isaacs/npm/issues>
277 error or email it to:
277 error     <npm-@googlegroups.com>
278 error System Linux 3.13.0-165-generic
279 error command "/usr/bin/nodejs" "/usr/bin/npm" "install"
280 error cwd /vagrant/www/summative-Behance
281 error node -v v0.10.25
282 error npm -v 1.3.10
283 verbose exit [ 1, true ]
